2024-11-13T09:27:44.740+0100 INFO               [main]                         be.pxl.services.EmployeeServiceApplication - Starting EmployeeServiceApplication using Java 17.0.12 with PID 19424 (C:\Users\laura\Documents\PXL\3TIN\Fullstack_Java\Backend\3tiwfullstack-labs-LauraWillemsPXL\backend-java\SpringCloudPXL\employee-service\target\classes started by laura in C:\Users\laura\Documents\PXL\3TIN\Fullstack_Java\Backend\3tiwfullstack-labs-LauraWillemsPXL\backend-java\SpringCloudPXL)
2024-11-13T09:27:44.743+0100 DEBUG              [main]                         be.pxl.services.EmployeeServiceApplication - Running with Spring Boot v3.1.4, Spring v6.0.12
2024-11-13T09:27:44.744+0100 INFO               [main]                         be.pxl.services.EmployeeServiceApplication - No active profile set, falling back to 1 default profile: "default"
2024-11-13T09:27:50.745+0100 INFO               [main]                         be.pxl.services.EmployeeServiceApplication - Started EmployeeServiceApplication in 7.135 seconds (process running for 7.836)
2024-11-13T09:31:38.890+0100 INFO               [main]                         be.pxl.services.EmployeeServiceApplication - Starting EmployeeServiceApplication using Java 17.0.12 with PID 13344 (C:\Users\laura\Documents\PXL\3TIN\Fullstack_Java\Backend\3tiwfullstack-labs-LauraWillemsPXL\backend-java\SpringCloudPXL\employee-service\target\classes started by laura in C:\Users\laura\Documents\PXL\3TIN\Fullstack_Java\Backend\3tiwfullstack-labs-LauraWillemsPXL\backend-java\SpringCloudPXL)
2024-11-13T09:31:38.893+0100 DEBUG              [main]                         be.pxl.services.EmployeeServiceApplication - Running with Spring Boot v3.1.4, Spring v6.0.12
2024-11-13T09:31:38.894+0100 INFO               [main]                         be.pxl.services.EmployeeServiceApplication - No active profile set, falling back to 1 default profile: "default"
2024-11-13T09:31:45.233+0100 INFO               [main]                         be.pxl.services.EmployeeServiceApplication - Started EmployeeServiceApplication in 7.485 seconds (process running for 8.184)
2024-11-13T09:32:14.719+0100 DEBUG              [http-nio-8081-exec-9]         be.pxl.services.controller.EmployeeController - Finding employee with id 1
2024-11-13T09:32:19.337+0100 DEBUG              [http-nio-8081-exec-2]         be.pxl.services.controller.EmployeeController - Finding employee with id 2
2024-11-13T10:32:03.247+0100 INFO               [main]                         be.pxl.services.NotificationServiceApplication - Starting NotificationServiceApplication using Java 17.0.12 with PID 23032 (C:\Users\laura\Documents\PXL\3TIN\Fullstack_Java\Backend\3tiwfullstack-labs-LauraWillemsPXL\backend-java\SpringCloudPXL\notification-service\target\classes started by laura in C:\Users\laura\Documents\PXL\3TIN\Fullstack_Java\Backend\3tiwfullstack-labs-LauraWillemsPXL\backend-java\SpringCloudPXL)
2024-11-13T10:32:03.248+0100 DEBUG              [main]                         be.pxl.services.NotificationServiceApplication - Running with Spring Boot v3.1.4, Spring v6.0.12
2024-11-13T10:32:03.249+0100 INFO               [main]                         be.pxl.services.NotificationServiceApplication - No active profile set, falling back to 1 default profile: "default"
2024-11-13T10:32:06.700+0100 INFO               [main]                         be.pxl.services.NotificationServiceApplication - Started NotificationServiceApplication in 4.571 seconds (process running for 5.228)
2024-11-13T10:32:23.711+0100 INFO               [main]                         be.pxl.services.EmployeeServiceApplication - Starting EmployeeServiceApplication using Java 17.0.12 with PID 8772 (C:\Users\laura\Documents\PXL\3TIN\Fullstack_Java\Backend\3tiwfullstack-labs-LauraWillemsPXL\backend-java\SpringCloudPXL\employee-service\target\classes started by laura in C:\Users\laura\Documents\PXL\3TIN\Fullstack_Java\Backend\3tiwfullstack-labs-LauraWillemsPXL\backend-java\SpringCloudPXL)
2024-11-13T10:32:23.713+0100 DEBUG              [main]                         be.pxl.services.EmployeeServiceApplication - Running with Spring Boot v3.1.4, Spring v6.0.12
2024-11-13T10:32:23.714+0100 INFO               [main]                         be.pxl.services.EmployeeServiceApplication - No active profile set, falling back to 1 default profile: "default"
2024-11-13T10:32:30.431+0100 INFO               [main]                         be.pxl.services.EmployeeServiceApplication - Started EmployeeServiceApplication in 7.869 seconds (process running for 8.558)
2024-11-13T10:39:50.725+0100 INFO               [main]                         be.pxl.services.EmployeeServiceApplication - Starting EmployeeServiceApplication using Java 17.0.12 with PID 32652 (C:\Users\laura\Documents\PXL\3TIN\Fullstack_Java\Backend\3tiwfullstack-labs-LauraWillemsPXL\backend-java\SpringCloudPXL\employee-service\target\classes started by laura in C:\Users\laura\Documents\PXL\3TIN\Fullstack_Java\Backend\3tiwfullstack-labs-LauraWillemsPXL\backend-java\SpringCloudPXL)
2024-11-13T10:39:50.727+0100 DEBUG              [main]                         be.pxl.services.EmployeeServiceApplication - Running with Spring Boot v3.1.4, Spring v6.0.12
2024-11-13T10:39:50.727+0100 INFO               [main]                         be.pxl.services.EmployeeServiceApplication - No active profile set, falling back to 1 default profile: "default"
2024-11-13T10:42:46.419+0100 INFO               [main]                         be.pxl.services.NotificationServiceApplication - Starting NotificationServiceApplication using Java 17.0.12 with PID 11008 (C:\Users\laura\Documents\PXL\3TIN\Fullstack_Java\Backend\3tiwfullstack-labs-LauraWillemsPXL\backend-java\SpringCloudPXL\notification-service\target\classes started by laura in C:\Users\laura\Documents\PXL\3TIN\Fullstack_Java\Backend\3tiwfullstack-labs-LauraWillemsPXL\backend-java\SpringCloudPXL)
2024-11-13T10:42:46.420+0100 DEBUG              [main]                         be.pxl.services.NotificationServiceApplication - Running with Spring Boot v3.1.4, Spring v6.0.12
2024-11-13T10:42:46.422+0100 INFO               [main]                         be.pxl.services.NotificationServiceApplication - No active profile set, falling back to 1 default profile: "default"
2024-11-13T10:43:26.893+0100 INFO               [main]                         be.pxl.services.NotificationServiceApplication - Starting NotificationServiceApplication using Java 17.0.12 with PID 35880 (C:\Users\laura\Documents\PXL\3TIN\Fullstack_Java\Backend\3tiwfullstack-labs-LauraWillemsPXL\backend-java\SpringCloudPXL\notification-service\target\classes started by laura in C:\Users\laura\Documents\PXL\3TIN\Fullstack_Java\Backend\3tiwfullstack-labs-LauraWillemsPXL\backend-java\SpringCloudPXL)
2024-11-13T10:43:26.894+0100 DEBUG              [main]                         be.pxl.services.NotificationServiceApplication - Running with Spring Boot v3.1.4, Spring v6.0.12
2024-11-13T10:43:26.896+0100 INFO               [main]                         be.pxl.services.NotificationServiceApplication - No active profile set, falling back to 1 default profile: "default"
2024-11-13T10:44:11.939+0100 INFO               [main]                         be.pxl.services.NotificationServiceApplication - Starting NotificationServiceApplication using Java 17.0.12 with PID 23992 (C:\Users\laura\Documents\PXL\3TIN\Fullstack_Java\Backend\3tiwfullstack-labs-LauraWillemsPXL\backend-java\SpringCloudPXL\notification-service\target\classes started by laura in C:\Users\laura\Documents\PXL\3TIN\Fullstack_Java\Backend\3tiwfullstack-labs-LauraWillemsPXL\backend-java\SpringCloudPXL)
2024-11-13T10:44:11.941+0100 DEBUG              [main]                         be.pxl.services.NotificationServiceApplication - Running with Spring Boot v3.1.4, Spring v6.0.12
2024-11-13T10:44:11.942+0100 INFO               [main]                         be.pxl.services.NotificationServiceApplication - No active profile set, falling back to 1 default profile: "default"
2024-11-13T10:44:49.035+0100 INFO               [main]                         be.pxl.services.NotificationServiceApplication - Starting NotificationServiceApplication using Java 17.0.12 with PID 29260 (C:\Users\laura\Documents\PXL\3TIN\Fullstack_Java\Backend\3tiwfullstack-labs-LauraWillemsPXL\backend-java\SpringCloudPXL\notification-service\target\classes started by laura in C:\Users\laura\Documents\PXL\3TIN\Fullstack_Java\Backend\3tiwfullstack-labs-LauraWillemsPXL\backend-java\SpringCloudPXL)
2024-11-13T10:44:49.036+0100 DEBUG              [main]                         be.pxl.services.NotificationServiceApplication - Running with Spring Boot v3.1.4, Spring v6.0.12
2024-11-13T10:44:49.038+0100 INFO               [main]                         be.pxl.services.NotificationServiceApplication - No active profile set, falling back to 1 default profile: "default"
2024-11-13T10:47:25.258+0100 INFO               [main]                         be.pxl.services.NotificationServiceApplication - Starting NotificationServiceApplication using Java 17.0.12 with PID 28500 (C:\Users\laura\Documents\PXL\3TIN\Fullstack_Java\Backend\3tiwfullstack-labs-LauraWillemsPXL\backend-java\SpringCloudPXL\notification-service\target\classes started by laura in C:\Users\laura\Documents\PXL\3TIN\Fullstack_Java\Backend\3tiwfullstack-labs-LauraWillemsPXL\backend-java\SpringCloudPXL)
2024-11-13T10:47:25.259+0100 DEBUG              [main]                         be.pxl.services.NotificationServiceApplication - Running with Spring Boot v3.1.4, Spring v6.0.12
2024-11-13T10:47:25.260+0100 INFO               [main]                         be.pxl.services.NotificationServiceApplication - No active profile set, falling back to 1 default profile: "default"
2024-11-13T10:47:27.310+0100 INFO               [main]                         be.pxl.services.NotificationServiceApplication - Started NotificationServiceApplication in 2.73 seconds (process running for 3.122)
2024-11-13T10:47:33.925+0100 INFO               [main]                         be.pxl.services.EmployeeServiceApplication - Starting EmployeeServiceApplication using Java 17.0.12 with PID 22652 (C:\Users\laura\Documents\PXL\3TIN\Fullstack_Java\Backend\3tiwfullstack-labs-LauraWillemsPXL\backend-java\SpringCloudPXL\employee-service\target\classes started by laura in C:\Users\laura\Documents\PXL\3TIN\Fullstack_Java\Backend\3tiwfullstack-labs-LauraWillemsPXL\backend-java\SpringCloudPXL)
2024-11-13T10:47:33.927+0100 DEBUG              [main]                         be.pxl.services.EmployeeServiceApplication - Running with Spring Boot v3.1.4, Spring v6.0.12
2024-11-13T10:47:33.927+0100 INFO               [main]                         be.pxl.services.EmployeeServiceApplication - No active profile set, falling back to 1 default profile: "default"
2024-11-13T10:47:37.741+0100 INFO               [main]                         be.pxl.services.EmployeeServiceApplication - Started EmployeeServiceApplication in 4.502 seconds (process running for 4.917)
2024-11-13T10:53:26.996+0100 INFO               [main]                         be.pxl.services.EmployeeServiceApplication - Starting EmployeeServiceApplication using Java 17.0.12 with PID 21276 (C:\Users\laura\Documents\PXL\3TIN\Fullstack_Java\Backend\3tiwfullstack-labs-LauraWillemsPXL\backend-java\SpringCloudPXL\employee-service\target\classes started by laura in C:\Users\laura\Documents\PXL\3TIN\Fullstack_Java\Backend\3tiwfullstack-labs-LauraWillemsPXL\backend-java\SpringCloudPXL)
2024-11-13T10:53:26.998+0100 DEBUG              [main]                         be.pxl.services.EmployeeServiceApplication - Running with Spring Boot v3.1.4, Spring v6.0.12
2024-11-13T10:53:26.999+0100 INFO               [main]                         be.pxl.services.EmployeeServiceApplication - No active profile set, falling back to 1 default profile: "default"
2024-11-13T10:53:29.942+0100 INFO               [main]                         be.pxl.services.NotificationServiceApplication - Starting NotificationServiceApplication using Java 17.0.12 with PID 22132 (C:\Users\laura\Documents\PXL\3TIN\Fullstack_Java\Backend\3tiwfullstack-labs-LauraWillemsPXL\backend-java\SpringCloudPXL\notification-service\target\classes started by laura in C:\Users\laura\Documents\PXL\3TIN\Fullstack_Java\Backend\3tiwfullstack-labs-LauraWillemsPXL\backend-java\SpringCloudPXL)
2024-11-13T10:53:29.943+0100 DEBUG              [main]                         be.pxl.services.NotificationServiceApplication - Running with Spring Boot v3.1.4, Spring v6.0.12
2024-11-13T10:53:29.943+0100 INFO               [main]                         be.pxl.services.NotificationServiceApplication - No active profile set, falling back to 1 default profile: "default"
2024-11-13T10:53:31.085+0100 INFO               [main]                         be.pxl.services.EmployeeServiceApplication - Started EmployeeServiceApplication in 4.965 seconds (process running for 5.661)
2024-11-13T10:53:32.010+0100 INFO               [main]                         be.pxl.services.NotificationServiceApplication - Started NotificationServiceApplication in 2.951 seconds (process running for 3.442)
2024-11-13T10:56:24.043+0100 INFO               [main]                         be.pxl.services.EmployeeServiceApplication - Starting EmployeeServiceApplication using Java 17.0.12 with PID 34644 (C:\Users\laura\Documents\PXL\3TIN\Fullstack_Java\Backend\3tiwfullstack-labs-LauraWillemsPXL\backend-java\SpringCloudPXL\employee-service\target\classes started by laura in C:\Users\laura\Documents\PXL\3TIN\Fullstack_Java\Backend\3tiwfullstack-labs-LauraWillemsPXL\backend-java\SpringCloudPXL)
2024-11-13T10:56:24.044+0100 DEBUG              [main]                         be.pxl.services.EmployeeServiceApplication - Running with Spring Boot v3.1.4, Spring v6.0.12
2024-11-13T10:56:24.045+0100 INFO               [main]                         be.pxl.services.EmployeeServiceApplication - No active profile set, falling back to 1 default profile: "default"
2024-11-13T10:56:27.409+0100 INFO               [main]                         be.pxl.services.NotificationServiceApplication - Starting NotificationServiceApplication using Java 17.0.12 with PID 20636 (C:\Users\laura\Documents\PXL\3TIN\Fullstack_Java\Backend\3tiwfullstack-labs-LauraWillemsPXL\backend-java\SpringCloudPXL\notification-service\target\classes started by laura in C:\Users\laura\Documents\PXL\3TIN\Fullstack_Java\Backend\3tiwfullstack-labs-LauraWillemsPXL\backend-java\SpringCloudPXL)
2024-11-13T10:56:27.410+0100 DEBUG              [main]                         be.pxl.services.NotificationServiceApplication - Running with Spring Boot v3.1.4, Spring v6.0.12
2024-11-13T10:56:27.411+0100 INFO               [main]                         be.pxl.services.NotificationServiceApplication - No active profile set, falling back to 1 default profile: "default"
2024-11-13T10:56:28.505+0100 INFO               [main]                         be.pxl.services.EmployeeServiceApplication - Started EmployeeServiceApplication in 5.418 seconds (process running for 5.909)
2024-11-13T10:56:29.421+0100 INFO               [main]                         be.pxl.services.NotificationServiceApplication - Started NotificationServiceApplication in 2.931 seconds (process running for 3.466)
2024-11-13T10:56:37.929+0100 DEBUG              [http-nio-8081-exec-1]         be.pxl.services.controller.EmployeeController - Finding employee with id 1
2024-11-13T11:04:50.344+0100 INFO               [main]                         be.pxl.services.NotificationServiceApplication - Starting NotificationServiceApplication using Java 17.0.12 with PID 41416 (C:\Users\laura\Documents\PXL\3TIN\Fullstack_Java\Backend\3tiwfullstack-labs-LauraWillemsPXL\backend-java\SpringCloudPXL\notification-service\target\classes started by laura in C:\Users\laura\Documents\PXL\3TIN\Fullstack_Java\Backend\3tiwfullstack-labs-LauraWillemsPXL\backend-java\SpringCloudPXL)
2024-11-13T11:04:50.345+0100 DEBUG              [main]                         be.pxl.services.NotificationServiceApplication - Running with Spring Boot v3.1.4, Spring v6.0.12
2024-11-13T11:04:50.346+0100 INFO               [main]                         be.pxl.services.NotificationServiceApplication - No active profile set, falling back to 1 default profile: "default"
2024-11-13T11:04:52.375+0100 INFO               [main]                         be.pxl.services.NotificationServiceApplication - Started NotificationServiceApplication in 2.712 seconds (process running for 3.11)
2024-11-13T11:05:03.559+0100 INFO               [main]                         be.pxl.services.EmployeeServiceApplication - Starting EmployeeServiceApplication using Java 17.0.12 with PID 40332 (C:\Users\laura\Documents\PXL\3TIN\Fullstack_Java\Backend\3tiwfullstack-labs-LauraWillemsPXL\backend-java\SpringCloudPXL\employee-service\target\classes started by laura in C:\Users\laura\Documents\PXL\3TIN\Fullstack_Java\Backend\3tiwfullstack-labs-LauraWillemsPXL\backend-java\SpringCloudPXL)
2024-11-13T11:05:03.560+0100 DEBUG              [main]                         be.pxl.services.EmployeeServiceApplication - Running with Spring Boot v3.1.4, Spring v6.0.12
2024-11-13T11:05:03.561+0100 INFO               [main]                         be.pxl.services.EmployeeServiceApplication - No active profile set, falling back to 1 default profile: "default"
2024-11-13T11:05:07.458+0100 INFO               [main]                         be.pxl.services.EmployeeServiceApplication - Started EmployeeServiceApplication in 4.59 seconds (process running for 5.013)
2024-11-13T11:08:39.780+0100 INFO               [main]                         be.pxl.services.NotificationServiceApplication - Starting NotificationServiceApplication using Java 17.0.12 with PID 4576 (C:\Users\laura\Documents\PXL\3TIN\Fullstack_Java\Backend\3tiwfullstack-labs-LauraWillemsPXL\backend-java\SpringCloudPXL\notification-service\target\classes started by laura in C:\Users\laura\Documents\PXL\3TIN\Fullstack_Java\Backend\3tiwfullstack-labs-LauraWillemsPXL\backend-java\SpringCloudPXL)
2024-11-13T11:08:39.782+0100 DEBUG              [main]                         be.pxl.services.NotificationServiceApplication - Running with Spring Boot v3.1.4, Spring v6.0.12
2024-11-13T11:08:39.782+0100 INFO               [main]                         be.pxl.services.NotificationServiceApplication - No active profile set, falling back to 1 default profile: "default"
2024-11-13T11:08:41.848+0100 INFO               [main]                         be.pxl.services.NotificationServiceApplication - Started NotificationServiceApplication in 2.72 seconds (process running for 3.099)
2024-11-13T11:08:50.613+0100 INFO               [main]                         be.pxl.services.EmployeeServiceApplication - Starting EmployeeServiceApplication using Java 17.0.12 with PID 40456 (C:\Users\laura\Documents\PXL\3TIN\Fullstack_Java\Backend\3tiwfullstack-labs-LauraWillemsPXL\backend-java\SpringCloudPXL\employee-service\target\classes started by laura in C:\Users\laura\Documents\PXL\3TIN\Fullstack_Java\Backend\3tiwfullstack-labs-LauraWillemsPXL\backend-java\SpringCloudPXL)
2024-11-13T11:08:50.614+0100 DEBUG              [main]                         be.pxl.services.EmployeeServiceApplication - Running with Spring Boot v3.1.4, Spring v6.0.12
2024-11-13T11:08:50.614+0100 INFO               [main]                         be.pxl.services.EmployeeServiceApplication - No active profile set, falling back to 1 default profile: "default"
2024-11-13T11:08:54.445+0100 INFO               [main]                         be.pxl.services.EmployeeServiceApplication - Started EmployeeServiceApplication in 4.627 seconds (process running for 5.101)
2024-11-13T11:09:40.452+0100 INFO               [org.springframework.amqp.rabbit.RabbitListenerEndpointContainer#0-1] be.pxl.services.service.NotificationService - Message read from myQueue: Finding all employees
2024-11-13T11:14:30.964+0100 DEBUG              [http-nio-8081-exec-9]         be.pxl.services.controller.EmployeeController - Adding a new employee with details: EmployeeRequest(organizationId=1, departmentId=1, name=Test, age=20, position=Employee)
2024-11-13T11:14:31.332+0100 INFO               [http-nio-8098-exec-1]         be.pxl.services.service.NotificationService - Receiving notification...
2024-11-13T11:14:31.332+0100 INFO               [http-nio-8098-exec-1]         be.pxl.services.service.NotificationService - Sending... Created an employee
2024-11-13T11:14:31.333+0100 INFO               [http-nio-8098-exec-1]         be.pxl.services.service.NotificationService - TO Laura
2024-11-13T11:14:31.349+0100 INFO               [org.springframework.amqp.rabbit.RabbitListenerEndpointContainer#0-1] be.pxl.services.service.NotificationService - Message read from myQueue: New employee is created
2024-11-13T11:15:17.998+0100 INFO               [org.springframework.amqp.rabbit.RabbitListenerEndpointContainer#0-1] be.pxl.services.service.NotificationService - Message read from myQueue: Finding all employees
